D:\MY DOCUMENTS\VISUAL STUDIO 2012\PROJECTS\FACE_TRACKER\FACE_TRACKER\DEBUG\FACE_DETECTOR.OBJ
D:\MY DOCUMENTS\VISUAL STUDIO 2012\PROJECTS\FACE_TRACKER\FACE_TRACKER\DEBUG\FACE_TRACKER.OBJ
D:\MY DOCUMENTS\VISUAL STUDIO 2012\PROJECTS\FACE_TRACKER\FACE_TRACKER\DEBUG\FT_DATA.OBJ
D:\MY DOCUMENTS\VISUAL STUDIO 2012\PROJECTS\FACE_TRACKER\FACE_TRACKER\DEBUG\PATCH_MODEL.OBJ
D:\MY DOCUMENTS\VISUAL STUDIO 2012\PROJECTS\FACE_TRACKER\FACE_TRACKER\DEBUG\SHAPE_MODEL.OBJ
D:\MY DOCUMENTS\VISUAL STUDIO 2012\PROJECTS\FACE_TRACKER\FACE_TRACKER\DEBUG\VC110.PDB
D:\MY DOCUMENTS\VISUAL STUDIO 2012\PROJECTS\FACE_TRACKER\FACE_TRACKER\DEBUG\VISUALIZE_FACE_TRACKER.OBJ
D:\MY DOCUMENTS\VISUAL STUDIO 2012\PROJECTS\FACE_TRACKER\DEBUG\FACE_TRACKER.ILK
D:\MY DOCUMENTS\VISUAL STUDIO 2012\PROJECTS\FACE_TRACKER\DEBUG\FACE_TRACKER.EXE
D:\MY DOCUMENTS\VISUAL STUDIO 2012\PROJECTS\FACE_TRACKER\DEBUG\FACE_TRACKER.PDB
D:\My Documents\Visual Studio 2012\Projects\face_tracker\face_tracker\Debug\face_detector.obj
D:\My Documents\Visual Studio 2012\Projects\face_tracker\face_tracker\Debug\face_tracker.obj
D:\My Documents\Visual Studio 2012\Projects\face_tracker\face_tracker\Debug\ft_data.obj
D:\My Documents\Visual Studio 2012\Projects\face_tracker\face_tracker\Debug\patch_model.obj
D:\My Documents\Visual Studio 2012\Projects\face_tracker\face_tracker\Debug\shape_model.obj
D:\My Documents\Visual Studio 2012\Projects\face_tracker\face_tracker\Debug\visualize_face_tracker.obj
D:\My Documents\Visual Studio 2012\Projects\face_tracker\face_tracker\Debug\cl.command.1.tlog
D:\My Documents\Visual Studio 2012\Projects\face_tracker\face_tracker\Debug\CL.read.1.tlog
D:\My Documents\Visual Studio 2012\Projects\face_tracker\face_tracker\Debug\CL.write.1.tlog
D:\My Documents\Visual Studio 2012\Projects\face_tracker\face_tracker\Debug\link-cvtres.read.1.tlog
D:\My Documents\Visual Studio 2012\Projects\face_tracker\face_tracker\Debug\link-cvtres.write.1.tlog
D:\My Documents\Visual Studio 2012\Projects\face_tracker\face_tracker\Debug\link-rc.read.1.tlog
D:\My Documents\Visual Studio 2012\Projects\face_tracker\face_tracker\Debug\link-rc.write.1.tlog
D:\My Documents\Visual Studio 2012\Projects\face_tracker\face_tracker\Debug\link.5064-cvtres.read.1.tlog
D:\My Documents\Visual Studio 2012\Projects\face_tracker\face_tracker\Debug\link.5064-cvtres.write.1.tlog
D:\My Documents\Visual Studio 2012\Projects\face_tracker\face_tracker\Debug\link.5064-rc.read.1.tlog
D:\My Documents\Visual Studio 2012\Projects\face_tracker\face_tracker\Debug\link.5064-rc.write.1.tlog
D:\My Documents\Visual Studio 2012\Projects\face_tracker\face_tracker\Debug\link.5064.read.1.tlog
D:\My Documents\Visual Studio 2012\Projects\face_tracker\face_tracker\Debug\link.5064.write.1.tlog
D:\My Documents\Visual Studio 2012\Projects\face_tracker\face_tracker\Debug\link.6964-cvtres.read.1.tlog
D:\My Documents\Visual Studio 2012\Projects\face_tracker\face_tracker\Debug\link.6964-cvtres.write.1.tlog
D:\My Documents\Visual Studio 2012\Projects\face_tracker\face_tracker\Debug\link.6964-rc.read.1.tlog
D:\My Documents\Visual Studio 2012\Projects\face_tracker\face_tracker\Debug\link.6964-rc.write.1.tlog
D:\My Documents\Visual Studio 2012\Projects\face_tracker\face_tracker\Debug\link.6964.read.1.tlog
D:\My Documents\Visual Studio 2012\Projects\face_tracker\face_tracker\Debug\link.6964.write.1.tlog
D:\My Documents\Visual Studio 2012\Projects\face_tracker\face_tracker\Debug\link.8336-cvtres.read.1.tlog
D:\My Documents\Visual Studio 2012\Projects\face_tracker\face_tracker\Debug\link.8336-cvtres.write.1.tlog
D:\My Documents\Visual Studio 2012\Projects\face_tracker\face_tracker\Debug\link.8336-rc.read.1.tlog
D:\My Documents\Visual Studio 2012\Projects\face_tracker\face_tracker\Debug\link.8336-rc.write.1.tlog
D:\My Documents\Visual Studio 2012\Projects\face_tracker\face_tracker\Debug\link.8336.read.1.tlog
D:\My Documents\Visual Studio 2012\Projects\face_tracker\face_tracker\Debug\link.8336.write.1.tlog
D:\My Documents\Visual Studio 2012\Projects\face_tracker\face_tracker\Debug\link.8560-cvtres.read.1.tlog
D:\My Documents\Visual Studio 2012\Projects\face_tracker\face_tracker\Debug\link.8560-cvtres.write.1.tlog
D:\My Documents\Visual Studio 2012\Projects\face_tracker\face_tracker\Debug\link.8560-rc.read.1.tlog
D:\My Documents\Visual Studio 2012\Projects\face_tracker\face_tracker\Debug\link.8560-rc.write.1.tlog
D:\My Documents\Visual Studio 2012\Projects\face_tracker\face_tracker\Debug\link.8560.read.1.tlog
D:\My Documents\Visual Studio 2012\Projects\face_tracker\face_tracker\Debug\link.8560.write.1.tlog
D:\My Documents\Visual Studio 2012\Projects\face_tracker\face_tracker\Debug\link.command.1.tlog
D:\My Documents\Visual Studio 2012\Projects\face_tracker\face_tracker\Debug\link.read.1.tlog
D:\My Documents\Visual Studio 2012\Projects\face_tracker\face_tracker\Debug\link.write.1.tlog
D:\My Documents\Visual Studio 2012\Projects\face_tracker\face_tracker\Debug\vc110.idb
D:\My Documents\Visual Studio 2012\Projects\face_tracker\face_tracker\Debug\vc110.pdb
D:\My Documents\Visual Studio 2012\Projects\face_tracker\Debug\face_tracker.pdb
D:\My Documents\Visual Studio 2012\Projects\face_tracker\Debug\face_tracker.exe
D:\My Documents\Visual Studio 2012\Projects\face_tracker\Debug\face_tracker.ilk
