D:\VS2012PROJECT\FACE_TRACK_SU_ALL\FACE_TRACKER\FACE_TRACKER\RELEASE\VISUALIZE_FACE_EYEBALL.OBJ
D:\VS2012PROJECT\FACE_TRACK_SU_ALL\FACE_TRACKER\FACE_TRACKER\RELEASE\SHAPE_FACE.OBJ
D:\VS2012PROJECT\FACE_TRACK_SU_ALL\FACE_TRACKER\FACE_TRACKER\RELEASE\PATCH_FACE_KEY.OBJ
D:\VS2012PROJECT\FACE_TRACK_SU_ALL\FACE_TRACKER\FACE_TRACKER\RELEASE\FT_DATA.OBJ
D:\VS2012PROJECT\FACE_TRACK_SU_ALL\FACE_TRACKER\FACE_TRACKER\RELEASE\FACE_KEYPOINT.OBJ
D:\VS2012PROJECT\FACE_TRACK_SU_ALL\FACE_TRACKER\FACE_TRACKER\RELEASE\FACE_DETECTOR.OBJ
D:\VS2012PROJECT\FACE_TRACK_SU_ALL\FACE_TRACKER\FACE_TRACKER\RELEASE\VC110.PDB
D:\VS2012Project\Face_track_su_ALL\face_tracker\face_tracker\Release\face_detector.obj
D:\VS2012Project\Face_track_su_ALL\face_tracker\face_tracker\Release\face_Keypoint.obj
D:\VS2012Project\Face_track_su_ALL\face_tracker\face_tracker\Release\ft_data.obj
D:\VS2012Project\Face_track_su_ALL\face_tracker\face_tracker\Release\patch_face_Key.obj
D:\VS2012Project\Face_track_su_ALL\face_tracker\face_tracker\Release\shape_face.obj
D:\VS2012Project\Face_track_su_ALL\face_tracker\face_tracker\Release\visualize_face_EyeBall.obj
D:\VS2012Project\Face_track_su_ALL\face_tracker\face_tracker\Release\cl.command.1.tlog
D:\VS2012Project\Face_track_su_ALL\face_tracker\face_tracker\Release\CL.read.1.tlog
D:\VS2012Project\Face_track_su_ALL\face_tracker\face_tracker\Release\CL.write.1.tlog
D:\VS2012Project\Face_track_su_ALL\face_tracker\face_tracker\Release\link-cvtres.read.1.tlog
D:\VS2012Project\Face_track_su_ALL\face_tracker\face_tracker\Release\link-cvtres.write.1.tlog
D:\VS2012Project\Face_track_su_ALL\face_tracker\face_tracker\Release\link-mt.read.1.tlog
D:\VS2012Project\Face_track_su_ALL\face_tracker\face_tracker\Release\link-mt.write.1.tlog
D:\VS2012Project\Face_track_su_ALL\face_tracker\face_tracker\Release\link-rc.read.1.tlog
D:\VS2012Project\Face_track_su_ALL\face_tracker\face_tracker\Release\link-rc.write.1.tlog
D:\VS2012Project\Face_track_su_ALL\face_tracker\face_tracker\Release\link.command.1.tlog
D:\VS2012Project\Face_track_su_ALL\face_tracker\face_tracker\Release\link.read.1.tlog
D:\VS2012Project\Face_track_su_ALL\face_tracker\face_tracker\Release\link.write.1.tlog
D:\VS2012Project\Face_track_su_ALL\face_tracker\face_tracker\Release\vc110.pdb
